<?xml version="1.0" encoding="UTF-8"?>
<!-- Generated by org.testng.reporters.JUnitReportReporter -->
<testsuite hostname="ReetuReddy" name="com.test.TestRunner.TestRunner" tests="1" failures="0" timestamp="7 Aug 2019 07:22:38 GMT" time="0.230" errors="0">
  <testcase name="executeTest" time="0.230" classname="com.test.TestRunner.TestRunner"/>
</testsuite> <!-- com.test.TestRunner.TestRunner -->
